<?xml version="1.0" encoding="UTF-8"?>
<testng-results skipped="0" failed="0" total="1" passed="1">
  <reporter-output>
  </reporter-output>
  <suite name="Suite" duration-ms="22" started-at="2018-06-09T04:54:43Z" finished-at="2018-06-09T04:54:43Z">
    <groups>
    </groups>
    <test name="Test" duration-ms="22" started-at="2018-06-09T04:54:43Z" finished-at="2018-06-09T04:54:43Z">
      <class name="com.selenium.MavenProject.TestNGForMaven">
        <test-method status="PASS" signature="beforeTest()[pri:0, instance:com.selenium.MavenProject.TestNGForMaven@7f63425a]" name="beforeTest" is-config="true" duration-ms="7" started-at="2018-06-09T10:24:43Z" finished-at="2018-06-09T10:24:43Z">
          <reporter-output>
          </reporter-output>
        </test-method> <!-- beforeTest -->
        <test-method status="PASS" signature="f()[pri:0, instance:com.selenium.MavenProject.TestNGForMaven@7f63425a]" name="f" duration-ms="2" started-at="2018-06-09T10:24:43Z" finished-at="2018-06-09T10:24:43Z">
          <reporter-output>
          </reporter-output>
        </test-method> <!-- f -->
        <test-method status="PASS" signature="afterTest()[pri:0, instance:com.selenium.MavenProject.TestNGForMaven@7f63425a]" name="afterTest" is-config="true" duration-ms="1" started-at="2018-06-09T10:24:43Z" finished-at="2018-06-09T10:24:43Z">
          <reporter-output>
          </reporter-output>
        </test-method> <!-- afterTest -->
      </class> <!-- com.selenium.MavenProject.TestNGForMaven -->
    </test> <!-- Test -->
  </suite> <!-- Suite -->
</testng-results>
