<?xml version="1.0" encoding="UTF-8"?>
<testng-results skipped="0" failed="0" ignored="0" total="1" passed="1">
  <reporter-output>
  </reporter-output>
  <suite name="Suite" duration-ms="56" started-at="2018-06-09T04:54:25Z" finished-at="2018-06-09T04:54:25Z">
    <groups>
    </groups>
    <test name="Test" duration-ms="56" started-at="2018-06-09T04:54:25Z" finished-at="2018-06-09T04:54:25Z">
      <class name="com.selenium.MavenProject.TestNGForMaven">
        <test-method status="PASS" signature="beforeTest()[pri:0, instance:com.selenium.MavenProject.TestNGForMaven@47c62251]" name="beforeTest" is-config="true" duration-ms="17" started-at="2018-06-09T04:54:25Z" finished-at="2018-06-09T04:54:25Z">
          <reporter-output>
          </reporter-output>
        </test-method> <!-- beforeTest -->
        <test-method status="PASS" signature="f()[pri:0, instance:com.selenium.MavenProject.TestNGForMaven@47c62251]" name="f" duration-ms="8" started-at="2018-06-09T04:54:25Z" finished-at="2018-06-09T04:54:25Z">
          <reporter-output>
          </reporter-output>
        </test-method> <!-- f -->
        <test-method status="PASS" signature="afterTest()[pri:0, instance:com.selenium.MavenProject.TestNGForMaven@47c62251]" name="afterTest" is-config="true" duration-ms="1" started-at="2018-06-09T04:54:25Z" finished-at="2018-06-09T04:54:25Z">
          <reporter-output>
          </reporter-output>
        </test-method> <!-- afterTest -->
      </class> <!-- com.selenium.MavenProject.TestNGForMaven -->
    </test> <!-- Test -->
  </suite> <!-- Suite -->
</testng-results>
